<?xml version="1.0" encoding="UTF-8"?>
<testng-results skipped="0" failed="0" ignored="0" total="1" passed="1">
  <reporter-output>
  </reporter-output>
  <suite name="Default suite" duration-ms="4478" started-at="2017-04-03T00:44:47Z" finished-at="2017-04-03T00:44:51Z">
    <groups>
    </groups>
    <test name="Default test" duration-ms="4478" started-at="2017-04-03T00:44:47Z" finished-at="2017-04-03T00:44:51Z">
      <class name="mq.com.selenium.Script01">
        <test-method status="PASS" signature="test()[pri:0, instance:mq.com.selenium.Script01@14acaea5]" name="test" duration-ms="4463" started-at="2017-04-02T20:44:47Z" finished-at="2017-04-02T20:44:51Z">
          <reporter-output>
          </reporter-output>
        </test-method> <!-- test -->
      </class> <!-- mq.com.selenium.Script01 -->
    </test> <!-- Default test -->
  </suite> <!-- Default suite -->
</testng-results>
